0 verbose cli /usr/local/bin/node /usr/local/bin/npm
1 info using npm@11.4.2
2 info using node@v22.15.1
3 silly config load:file:/usr/local/lib/node_modules/npm/npmrc
4 silly config load:file:/Users/talhaazeem/Documents/managementSystem/.npmrc
5 silly config load:file:/Users/talhaazeem/.npmrc
6 silly config load:file:/usr/local/etc/npmrc
7 verbose title npm run def
8 verbose argv "run" "def"
9 verbose logfile logs-max:10 dir:/Users/talhaazeem/Documents/managementSystem/.npm_cache/_logs/2026-01-18T11_10_01_755Z-
10 verbose logfile /Users/talhaazeem/Documents/managementSystem/.npm_cache/_logs/2026-01-18T11_10_01_755Z-debug-0.log
11 silly logfile start cleaning logs, removing 1 files
12 silly logfile done cleaning log files
13 verbose stack Error: Missing script: "def"
13 verbose stack
13 verbose stack Did you mean this?
13 verbose stack   npm run dev # run the "dev" package script
13 verbose stack
13 verbose stack To see a list of scripts, run:
13 verbose stack   npm run
13 verbose stack     at #run (/usr/local/lib/node_modules/npm/lib/commands/run.js:115:13)
13 verbose stack     at async RunScript.exec (/usr/local/lib/node_modules/npm/lib/commands/run.js:44:7)
13 verbose stack     at async Npm.exec (/usr/local/lib/node_modules/npm/lib/npm.js:208:9)
13 verbose stack     at async module.exports (/usr/local/lib/node_modules/npm/lib/cli/entry.js:67:5)
14 error Missing script: "def"
14 error
14 error Did you mean this?
14 error   npm run dev # run the "dev" package script
14 error
14 error To see a list of scripts, run:
14 error   npm run
15 verbose cwd /Users/talhaazeem/Documents/managementSystem
16 verbose os Darwin 24.5.0
17 verbose node v22.15.1
18 verbose npm  v11.4.2
19 verbose exit 1
20 verbose code 1
21 error A complete log of this run can be found in: /Users/talhaazeem/Documents/managementSystem/.npm_cache/_logs/2026-01-18T11_10_01_755Z-debug-0.log
