0 verbose cli /usr/local/bin/node /usr/local/bin/npm
1 info using npm@11.4.2
2 info using node@v22.15.1
3 silly config load:file:/usr/local/lib/node_modules/npm/npmrc
4 silly config load:file:/Users/talhaazeem/Documents/managementSystem/.npmrc
5 silly config load:file:/Users/talhaazeem/.npmrc
6 silly config load:file:/usr/local/etc/npmrc
7 verbose title npm install prisma@^6.0.0
8 verbose argv "install" "prisma@^6.0.0" "--save-dev"
9 verbose logfile logs-max:10 dir:/Users/talhaazeem/Documents/managementSystem/.npm_cache/_logs/2026-01-18T09_20_17_876Z-
10 verbose logfile /Users/talhaazeem/Documents/managementSystem/.npm_cache/_logs/2026-01-18T09_20_17_876Z-debug-0.log
11 silly logfile start cleaning logs, removing 1 files
12 silly packumentCache heap:2197815296 maxSize:549453824 maxEntrySize:274726912
13 silly logfile done cleaning log files
14 silly idealTree buildDeps
15 silly fetch manifest prisma@^6.0.0
16 silly packumentCache full:https://registry.npmjs.org/prisma cache-miss
17 verbose shrinkwrap failed to load node_modules/.package-lock.json out of date, updated: node_modules
18 http fetch GET 200 https://registry.npmjs.org/prisma 394ms (cache revalidated)
19 silly packumentCache full:https://registry.npmjs.org/prisma set size:42070984 disposed:false
20 silly fetch manifest typescript@^5
21 silly packumentCache full:https://registry.npmjs.org/typescript cache-miss
22 http fetch GET 200 https://registry.npmjs.org/typescript 68ms (cache revalidated)
23 silly packumentCache full:https://registry.npmjs.org/typescript set size:15140889 disposed:false
24 silly placeDep ROOT prisma@6.19.2 REPLACE for: honda-dms@0.1.0 want: ^6.0.0
25 silly fetch manifest @prisma/config@6.19.2
26 silly packumentCache full:https://registry.npmjs.org/@prisma%2fconfig cache-miss
27 silly fetch manifest @prisma/engines@6.19.2
28 silly packumentCache full:https://registry.npmjs.org/@prisma%2fengines cache-miss
29 http fetch GET 200 https://registry.npmjs.org/@prisma%2fengines 410ms (cache revalidated)
30 silly packumentCache full:https://registry.npmjs.org/@prisma%2fengines set size:21237996 disposed:false
31 http fetch GET 200 https://registry.npmjs.org/@prisma%2fconfig 887ms (cache revalidated)
32 silly packumentCache full:https://registry.npmjs.org/@prisma%2fconfig set size:3242729 disposed:false
33 silly placeDep ROOT @prisma/config@6.19.2 OK for: prisma@6.19.2 want: 6.19.2
34 silly placeDep ROOT @prisma/engines@6.19.2 OK for: prisma@6.19.2 want: 6.19.2
35 silly fetch manifest c12@3.1.0
36 silly packumentCache full:https://registry.npmjs.org/c12 cache-miss
37 silly fetch manifest effect@3.18.4
38 silly packumentCache full:https://registry.npmjs.org/effect cache-miss
39 silly fetch manifest empathic@2.0.0
40 silly packumentCache full:https://registry.npmjs.org/empathic cache-miss
41 silly fetch manifest deepmerge-ts@7.1.5
42 silly packumentCache full:https://registry.npmjs.org/deepmerge-ts cache-miss
43 silly fetch manifest @prisma/debug@6.19.2
44 silly packumentCache full:https://registry.npmjs.org/@prisma%2fdebug cache-miss
45 silly fetch manifest @prisma/fetch-engine@6.19.2
46 silly packumentCache full:https://registry.npmjs.org/@prisma%2ffetch-engine cache-miss
47 silly fetch manifest @prisma/get-platform@6.19.2
48 silly packumentCache full:https://registry.npmjs.org/@prisma%2fget-platform cache-miss
49 http fetch GET 200 https://registry.npmjs.org/@prisma%2ffetch-engine 395ms (cache revalidated)
50 silly packumentCache full:https://registry.npmjs.org/@prisma%2ffetch-engine set size:31717813 disposed:false
51 silly fetch manifest @prisma/engines-version@7.1.1-3.c2990dca591cba766e3b7ef5d9e8a84796e47ab7
52 silly packumentCache full:https://registry.npmjs.org/@prisma%2fengines-version cache-miss
53 http fetch GET 200 https://registry.npmjs.org/deepmerge-ts 479ms (cache revalidated)
54 silly packumentCache full:https://registry.npmjs.org/deepmerge-ts set size:334522 disposed:false
55 http fetch GET 200 https://registry.npmjs.org/c12 498ms (cache revalidated)
56 silly packumentCache full:https://registry.npmjs.org/c12 set size:170641 disposed:false
57 http fetch GET 200 https://registry.npmjs.org/empathic 546ms (cache revalidated)
58 silly packumentCache full:https://registry.npmjs.org/empathic set size:18290 disposed:false
59 http fetch GET 200 https://registry.npmjs.org/effect 556ms (cache revalidated)
60 silly packumentCache full:https://registry.npmjs.org/effect set size:9413240 disposed:false
61 http fetch GET 200 https://registry.npmjs.org/@prisma%2fdebug 628ms (cache revalidated)
62 silly packumentCache full:https://registry.npmjs.org/@prisma%2fdebug set size:28217883 disposed:false
63 http fetch GET 200 https://registry.npmjs.org/@prisma%2fget-platform 740ms (cache revalidated)
64 silly packumentCache full:https://registry.npmjs.org/@prisma%2fget-platform set size:27869422 disposed:false
65 http fetch GET 200 https://registry.npmjs.org/@prisma%2fengines-version 583ms (cache revalidated)
66 silly packumentCache full:https://registry.npmjs.org/@prisma%2fengines-version set size:9796394 disposed:false
67 silly fetch manifest magicast@^0.3.5
68 silly packumentCache full:https://registry.npmjs.org/magicast cache-miss
69 http fetch GET 200 https://registry.npmjs.org/magicast 371ms (cache revalidated)
70 silly packumentCache full:https://registry.npmjs.org/magicast set size:77706 disposed:false
71 silly placeDep ROOT c12@3.1.0 OK for: @prisma/config@6.19.2 want: 3.1.0
72 silly placeDep ROOT deepmerge-ts@7.1.5 OK for: @prisma/config@6.19.2 want: 7.1.5
73 silly placeDep ROOT effect@3.18.4 OK for: @prisma/config@6.19.2 want: 3.18.4
74 silly placeDep ROOT empathic@2.0.0 OK for: @prisma/config@6.19.2 want: 2.0.0
75 silly fetch manifest rc9@^2.1.2
76 silly packumentCache full:https://registry.npmjs.org/rc9 cache-miss
77 silly fetch manifest defu@^6.1.4
78 silly packumentCache full:https://registry.npmjs.org/defu cache-miss
79 silly fetch manifest giget@^2.0.0
80 silly packumentCache full:https://registry.npmjs.org/giget cache-miss
81 silly fetch manifest ohash@^2.0.11
82 silly packumentCache full:https://registry.npmjs.org/ohash cache-miss
83 silly fetch manifest pathe@^2.0.3
84 silly packumentCache full:https://registry.npmjs.org/pathe cache-miss
85 silly fetch manifest dotenv@^16.6.1
86 silly packumentCache full:https://registry.npmjs.org/dotenv cache-miss
87 silly fetch manifest confbox@^0.2.2
88 silly packumentCache full:https://registry.npmjs.org/confbox cache-miss
89 http fetch GET 200 https://registry.npmjs.org/dotenv 69ms (cache revalidated)
90 silly packumentCache full:https://registry.npmjs.org/dotenv set size:261324 disposed:false
91 silly fetch manifest exsolve@^1.0.7
92 silly packumentCache full:https://registry.npmjs.org/exsolve cache-miss
93 http fetch GET 200 https://registry.npmjs.org/pathe 113ms (cache revalidated)
94 silly packumentCache full:https://registry.npmjs.org/pathe set size:68788 disposed:false
95 silly fetch manifest chokidar@^4.0.3
96 silly packumentCache full:https://registry.npmjs.org/chokidar cache-miss
97 http fetch GET 200 https://registry.npmjs.org/chokidar 102ms (cache revalidated)
98 silly packumentCache full:https://registry.npmjs.org/chokidar set size:255902 disposed:false
99 silly fetch manifest pkg-types@^2.2.0
100 silly packumentCache full:https://registry.npmjs.org/pkg-types cache-miss
101 http fetch GET 200 https://registry.npmjs.org/defu 371ms (cache revalidated)
102 silly packumentCache full:https://registry.npmjs.org/defu set size:85562 disposed:false
103 silly fetch manifest perfect-debounce@^1.0.0
104 silly packumentCache full:https://registry.npmjs.org/perfect-debounce cache-miss
105 http fetch GET 200 https://registry.npmjs.org/ohash 383ms (cache revalidated)
106 silly packumentCache full:https://registry.npmjs.org/ohash set size:69122 disposed:false
107 silly fetch manifest fast-check@^3.23.1
108 silly packumentCache full:https://registry.npmjs.org/fast-check cache-miss
109 http fetch GET 200 https://registry.npmjs.org/giget 396ms (cache revalidated)
110 silly packumentCache full:https://registry.npmjs.org/giget set size:84383 disposed:false
111 silly fetch manifest @standard-schema/spec@^1.0.0
112 silly packumentCache full:https://registry.npmjs.org/@standard-schema%2fspec cache-miss
113 http fetch GET 200 https://registry.npmjs.org/exsolve 376ms (cache revalidated)
114 silly packumentCache full:https://registry.npmjs.org/exsolve set size:56620 disposed:false
115 http fetch GET 200 https://registry.npmjs.org/pkg-types 422ms (cache revalidated)
116 silly packumentCache full:https://registry.npmjs.org/pkg-types set size:85931 disposed:false
117 http fetch GET 200 https://registry.npmjs.org/fast-check 360ms (cache revalidated)
118 silly packumentCache full:https://registry.npmjs.org/fast-check set size:928591 disposed:false
119 http fetch GET 200 https://registry.npmjs.org/@standard-schema%2fspec 569ms (cache revalidated)
120 silly packumentCache full:https://registry.npmjs.org/@standard-schema%2fspec set size:27284 disposed:false
121 http fetch GET 200 https://registry.npmjs.org/confbox 967ms (cache revalidated)
122 silly packumentCache full:https://registry.npmjs.org/confbox set size:39784 disposed:false
123 http fetch GET 200 https://registry.npmjs.org/rc9 1023ms (cache revalidated)
124 silly packumentCache full:https://registry.npmjs.org/rc9 set size:62453 disposed:false
125 http fetch GET 200 https://registry.npmjs.org/perfect-debounce 1019ms (cache revalidated)
126 silly packumentCache full:https://registry.npmjs.org/perfect-debounce set size:26157 disposed:false
127 silly placeDep ROOT @prisma/debug@6.19.2 OK for: @prisma/engines@6.19.2 want: 6.19.2
128 silly placeDep ROOT @prisma/engines-version@7.1.1-3.c2990dca591cba766e3b7ef5d9e8a84796e47ab7 OK for: @prisma/engines@6.19.2 want: 7.1.1-3.c2990dca591cba766e3b7ef5d9e8a84796e47ab7
129 silly placeDep ROOT @prisma/fetch-engine@6.19.2 OK for: @prisma/engines@6.19.2 want: 6.19.2
130 silly placeDep ROOT @prisma/get-platform@6.19.2 OK for: @prisma/engines@6.19.2 want: 6.19.2
131 silly placeDep ROOT chokidar@4.0.3 OK for: c12@3.1.0 want: ^4.0.3
132 silly placeDep ROOT confbox@0.2.2 OK for: c12@3.1.0 want: ^0.2.2
133 silly placeDep ROOT defu@6.1.4 OK for: c12@3.1.0 want: ^6.1.4
134 silly placeDep ROOT dotenv@16.6.1 OK for: c12@3.1.0 want: ^16.6.1
135 silly placeDep ROOT exsolve@1.0.8 OK for: c12@3.1.0 want: ^1.0.7
136 silly placeDep ROOT giget@2.0.0 OK for: c12@3.1.0 want: ^2.0.0
137 silly placeDep ROOT ohash@2.0.11 OK for: c12@3.1.0 want: ^2.0.11
138 silly placeDep ROOT pathe@2.0.3 OK for: c12@3.1.0 want: ^2.0.3
139 silly placeDep ROOT perfect-debounce@1.0.0 OK for: c12@3.1.0 want: ^1.0.0
140 silly placeDep ROOT pkg-types@2.3.0 OK for: c12@3.1.0 want: ^2.2.0
141 silly placeDep ROOT rc9@2.1.2 OK for: c12@3.1.0 want: ^2.1.2
142 silly fetch manifest readdirp@^4.0.1
143 silly packumentCache full:https://registry.npmjs.org/readdirp cache-miss
144 silly fetch manifest citty@^0.1.6
145 silly packumentCache full:https://registry.npmjs.org/citty cache-miss
146 silly fetch manifest consola@^3.4.0
147 silly packumentCache full:https://registry.npmjs.org/consola cache-miss
148 silly fetch manifest node-fetch-native@^1.6.6
149 silly packumentCache full:https://registry.npmjs.org/node-fetch-native cache-miss
150 silly fetch manifest nypm@^0.6.0
151 silly packumentCache full:https://registry.npmjs.org/nypm cache-miss
152 silly fetch manifest destr@^2.0.3
153 silly packumentCache full:https://registry.npmjs.org/destr cache-miss
154 http fetch GET 200 https://registry.npmjs.org/node-fetch-native 394ms (cache revalidated)
155 silly packumentCache full:https://registry.npmjs.org/node-fetch-native set size:114626 disposed:false
156 http fetch GET 200 https://registry.npmjs.org/citty 397ms (cache revalidated)
157 silly packumentCache full:https://registry.npmjs.org/citty set size:28597 disposed:false
158 http fetch GET 200 https://registry.npmjs.org/readdirp 397ms (cache revalidated)
159 silly packumentCache full:https://registry.npmjs.org/readdirp set size:107589 disposed:false
160 http fetch GET 200 https://registry.npmjs.org/destr 398ms (cache revalidated)
161 silly packumentCache full:https://registry.npmjs.org/destr set size:65344 disposed:false
162 http fetch GET 200 https://registry.npmjs.org/consola 399ms (cache revalidated)
163 silly packumentCache full:https://registry.npmjs.org/consola set size:324648 disposed:false
164 http fetch GET 200 https://registry.npmjs.org/nypm 962ms (cache revalidated)
165 silly packumentCache full:https://registry.npmjs.org/nypm set size:75706 disposed:false
166 silly placeDep ROOT readdirp@4.1.2 OK for: chokidar@4.0.3 want: ^4.0.1
167 silly placeDep ROOT @standard-schema/spec@1.1.0 OK for: effect@3.18.4 want: ^1.0.0
168 silly placeDep ROOT fast-check@3.23.2 OK for: effect@3.18.4 want: ^3.23.1
169 silly fetch manifest pure-rand@^6.1.0
170 silly packumentCache full:https://registry.npmjs.org/pure-rand cache-miss
171 http fetch GET 200 https://registry.npmjs.org/pure-rand 366ms (cache revalidated)
172 silly packumentCache full:https://registry.npmjs.org/pure-rand set size:165525 disposed:false
173 silly placeDep ROOT pure-rand@6.1.0 OK for: fast-check@3.23.2 want: ^6.1.0
174 silly placeDep ROOT citty@0.1.6 OK for: giget@2.0.0 want: ^0.1.6
175 silly placeDep ROOT consola@3.4.2 OK for: giget@2.0.0 want: ^3.4.0
176 silly placeDep ROOT node-fetch-native@1.6.7 OK for: giget@2.0.0 want: ^1.6.6
177 silly placeDep ROOT nypm@0.6.2 OK for: giget@2.0.0 want: ^0.6.0
178 silly fetch manifest consola@^3.2.3
179 silly packumentCache full:https://registry.npmjs.org/consola cache-hit
180 silly fetch manifest tinyexec@^1.0.1
181 silly packumentCache full:https://registry.npmjs.org/tinyexec cache-miss
182 http fetch GET 200 https://registry.npmjs.org/tinyexec 371ms (cache revalidated)
183 silly packumentCache full:https://registry.npmjs.org/tinyexec set size:38584 disposed:false
184 silly placeDep ROOT tinyexec@1.0.2 OK for: nypm@0.6.2 want: ^1.0.1
185 silly placeDep ROOT destr@2.0.5 OK for: rc9@2.1.2 want: ^2.0.3
186 silly reify mark retired [
186 silly reify   '/Users/talhaazeem/Documents/managementSystem/node_modules/aws-ssl-profiles'
186 silly reify ]
187 silly reify mark retired [
187 silly reify   '/Users/talhaazeem/Documents/managementSystem/node_modules/chevrotain'
187 silly reify ]
188 silly reify mark retired [ '/Users/talhaazeem/Documents/managementSystem/node_modules/denque' ]
189 silly reify mark retired [
189 silly reify   '/Users/talhaazeem/Documents/managementSystem/node_modules/foreground-child'
189 silly reify ]
190 silly reify mark retired [
190 silly reify   '/Users/talhaazeem/Documents/managementSystem/node_modules/generate-function'
190 silly reify ]
191 silly reify mark retired [
191 silly reify   '/Users/talhaazeem/Documents/managementSystem/node_modules/get-port-please'
191 silly reify ]
192 silly reify mark retired [
192 silly reify   '/Users/talhaazeem/Documents/managementSystem/node_modules/graceful-fs'
192 silly reify ]
193 silly reify mark retired [ '/Users/talhaazeem/Documents/managementSystem/node_modules/grammex' ]
194 silly reify mark retired [ '/Users/talhaazeem/Documents/managementSystem/node_modules/hono' ]
195 silly reify mark retired [
195 silly reify   '/Users/talhaazeem/Documents/managementSystem/node_modules/http-status-codes'
195 silly reify ]
196 silly reify mark retired [
196 silly reify   '/Users/talhaazeem/Documents/managementSystem/node_modules/iconv-lite'
196 silly reify ]
197 silly reify mark retired [
197 silly reify   '/Users/talhaazeem/Documents/managementSystem/node_modules/is-property'
197 silly reify ]
198 silly reify mark retired [
198 silly reify   '/Users/talhaazeem/Documents/managementSystem/node_modules/lilconfig'
198 silly reify ]
199 silly reify mark retired [ '/Users/talhaazeem/Documents/managementSystem/node_modules/long' ]
200 silly reify mark retired [ '/Users/talhaazeem/Documents/managementSystem/node_modules/lru.min' ]
201 silly reify mark retired [ '/Users/talhaazeem/Documents/managementSystem/node_modules/lodash' ]
202 silly reify mark retired [ '/Users/talhaazeem/Documents/managementSystem/node_modules/mysql2' ]
203 silly reify mark retired [
203 silly reify   '/Users/talhaazeem/Documents/managementSystem/node_modules/named-placeholders'
203 silly reify ]
204 silly reify mark retired [
204 silly reify   '/Users/talhaazeem/Documents/managementSystem/node_modules/postgres'
204 silly reify ]
205 silly reify mark retired [
205 silly reify   '/Users/talhaazeem/Documents/managementSystem/node_modules/prisma',
205 silly reify   '/Users/talhaazeem/Documents/managementSystem/node_modules/.bin/prisma'
205 silly reify ]
206 silly reify mark retired [
206 silly reify   '/Users/talhaazeem/Documents/managementSystem/node_modules/proper-lockfile'
206 silly reify ]
207 silly reify mark retired [
207 silly reify   '/Users/talhaazeem/Documents/managementSystem/node_modules/regexp-to-ast'
207 silly reify ]
208 silly reify mark retired [ '/Users/talhaazeem/Documents/managementSystem/node_modules/remeda' ]
209 silly reify mark retired [ '/Users/talhaazeem/Documents/managementSystem/node_modules/retry' ]
210 silly reify mark retired [
210 silly reify   '/Users/talhaazeem/Documents/managementSystem/node_modules/safer-buffer'
210 silly reify ]
211 silly reify mark retired [
211 silly reify   '/Users/talhaazeem/Documents/managementSystem/node_modules/seq-queue'
211 silly reify ]
212 silly reify mark retired [
212 silly reify   '/Users/talhaazeem/Documents/managementSystem/node_modules/sqlstring'
212 silly reify ]
213 silly reify mark retired [
213 silly reify   '/Users/talhaazeem/Documents/managementSystem/node_modules/signal-exit'
213 silly reify ]
214 silly reify mark retired [ '/Users/talhaazeem/Documents/managementSystem/node_modules/std-env' ]
215 silly reify mark retired [
215 silly reify   '/Users/talhaazeem/Documents/managementSystem/node_modules/type-fest'
215 silly reify ]
216 silly reify mark retired [ '/Users/talhaazeem/Documents/managementSystem/node_modules/valibot' ]
217 silly reify mark retired [
217 silly reify   '/Users/talhaazeem/Documents/managementSystem/node_modules/zeptomatch'
217 silly reify ]
218 silly reify mark retired [
218 silly reify   '/Users/talhaazeem/Documents/managementSystem/node_modules/@chevrotain/types'
218 silly reify ]
219 silly reify mark retired [
219 silly reify   '/Users/talhaazeem/Documents/managementSystem/node_modules/@chevrotain/cst-dts-gen'
219 silly reify ]
220 silly reify mark retired [
220 silly reify   '/Users/talhaazeem/Documents/managementSystem/node_modules/@chevrotain/gast'
220 silly reify ]
221 silly reify mark retired [
221 silly reify   '/Users/talhaazeem/Documents/managementSystem/node_modules/@electric-sql/pglite-socket',
221 silly reify   '/Users/talhaazeem/Documents/managementSystem/node_modules/.bin/pglite-server'
221 silly reify ]
222 silly reify mark retired [
222 silly reify   '/Users/talhaazeem/Documents/managementSystem/node_modules/@electric-sql/pglite'
222 silly reify ]
223 silly reify mark retired [
223 silly reify   '/Users/talhaazeem/Documents/managementSystem/node_modules/@electric-sql/pglite-tools'
223 silly reify ]
224 silly reify mark retired [
224 silly reify   '/Users/talhaazeem/Documents/managementSystem/node_modules/@chevrotain/utils'
224 silly reify ]
225 silly reify mark retired [
225 silly reify   '/Users/talhaazeem/Documents/managementSystem/node_modules/@hono/node-server'
225 silly reify ]
226 silly reify mark retired [
226 silly reify   '/Users/talhaazeem/Documents/managementSystem/node_modules/@mrleebo/prisma-ast'
226 silly reify ]
227 silly reify mark retired [
227 silly reify   '/Users/talhaazeem/Documents/managementSystem/node_modules/@prisma/config'
227 silly reify ]
228 silly reify mark retired [
228 silly reify   '/Users/talhaazeem/Documents/managementSystem/node_modules/@prisma/debug'
228 silly reify ]
229 silly reify mark retired [
229 silly reify   '/Users/talhaazeem/Documents/managementSystem/node_modules/@prisma/engines'
229 silly reify ]
230 silly reify mark retired [
230 silly reify   '/Users/talhaazeem/Documents/managementSystem/node_modules/@prisma/engines-version'
230 silly reify ]
231 silly reify mark retired [
231 silly reify   '/Users/talhaazeem/Documents/managementSystem/node_modules/@prisma/get-platform'
231 silly reify ]
232 silly reify mark retired [
232 silly reify   '/Users/talhaazeem/Documents/managementSystem/node_modules/@prisma/dev'
232 silly reify ]
233 silly reify mark retired [
233 silly reify   '/Users/talhaazeem/Documents/managementSystem/node_modules/@prisma/fetch-engine'
233 silly reify ]
234 silly reify mark retired [
234 silly reify   '/Users/talhaazeem/Documents/managementSystem/node_modules/@prisma/query-plan-executor'
234 silly reify ]
235 silly reify mark retired [
235 silly reify   '/Users/talhaazeem/Documents/managementSystem/node_modules/@prisma/studio-core'
235 silly reify ]
236 silly reify moves {
236 silly reify   '/Users/talhaazeem/Documents/managementSystem/node_modules/aws-ssl-profiles': '/Users/talhaazeem/Documents/managementSystem/node_modules/.aws-ssl-profiles-zXNdSOaf',
236 silly reify   '/Users/talhaazeem/Documents/managementSystem/node_modules/chevrotain': '/Users/talhaazeem/Documents/managementSystem/node_modules/.chevrotain-pQUgE6HC',
236 silly reify   '/Users/talhaazeem/Documents/managementSystem/node_modules/denque': '/Users/talhaazeem/Documents/managementSystem/node_modules/.denque-FitcoxJ7',
236 silly reify   '/Users/talhaazeem/Documents/managementSystem/node_modules/foreground-child': '/Users/talhaazeem/Documents/managementSystem/node_modules/.foreground-child-AuRO6hcF',
236 silly reify   '/Users/talhaazeem/Documents/managementSystem/node_modules/generate-function': '/Users/talhaazeem/Documents/managementSystem/node_modules/.generate-function-jBCjX7SZ',
236 silly reify   '/Users/talhaazeem/Documents/managementSystem/node_modules/get-port-please': '/Users/talhaazeem/Documents/managementSystem/node_modules/.get-port-please-EhDdDQ4M',
236 silly reify   '/Users/talhaazeem/Documents/managementSystem/node_modules/graceful-fs': '/Users/talhaazeem/Documents/managementSystem/node_modules/.graceful-fs-31YDJ43t',
236 silly reify   '/Users/talhaazeem/Documents/managementSystem/node_modules/grammex': '/Users/talhaazeem/Documents/managementSystem/node_modules/.grammex-9s7DkDEl',
236 silly reify   '/Users/talhaazeem/Documents/managementSystem/node_modules/hono': '/Users/talhaazeem/Documents/managementSystem/node_modules/.hono-JWIseBVU',
236 silly reify   '/Users/talhaazeem/Documents/managementSystem/node_modules/http-status-codes': '/Users/talhaazeem/Documents/managementSystem/node_modules/.http-status-codes-CpYAIry8',
236 silly reify   '/Users/talhaazeem/Documents/managementSystem/node_modules/iconv-lite': '/Users/talhaazeem/Documents/managementSystem/node_modules/.iconv-lite-cQNT8qyK',
236 silly reify   '/Users/talhaazeem/Documents/managementSystem/node_modules/is-property': '/Users/talhaazeem/Documents/managementSystem/node_modules/.is-property-2zYwVihD',
236 silly reify   '/Users/talhaazeem/Documents/managementSystem/node_modules/lilconfig': '/Users/talhaazeem/Documents/managementSystem/node_modules/.lilconfig-P7c0xV7R',
236 silly reify   '/Users/talhaazeem/Documents/managementSystem/node_modules/long': '/Users/talhaazeem/Documents/managementSystem/node_modules/.long-9atvKkNx',
236 silly reify   '/Users/talhaazeem/Documents/managementSystem/node_modules/lru.min': '/Users/talhaazeem/Documents/managementSystem/node_modules/.lru.min-tOyUC5Hq',
236 silly reify   '/Users/talhaazeem/Documents/managementSystem/node_modules/lodash': '/Users/talhaazeem/Documents/managementSystem/node_modules/.lodash-tILq0GlQ',
236 silly reify   '/Users/talhaazeem/Documents/managementSystem/node_modules/mysql2': '/Users/talhaazeem/Documents/managementSystem/node_modules/.mysql2-ufBv2upu',
236 silly reify   '/Users/talhaazeem/Documents/managementSystem/node_modules/named-placeholders': '/Users/talhaazeem/Documents/managementSystem/node_modules/.named-placeholders-UGDpGZs5',
236 silly reify   '/Users/talhaazeem/Documents/managementSystem/node_modules/postgres': '/Users/talhaazeem/Documents/managementSystem/node_modules/.postgres-qFmrtH29',
236 silly reify   '/Users/talhaazeem/Documents/managementSystem/node_modules/prisma': '/Users/talhaazeem/Documents/managementSystem/node_modules/.prisma-uj8tpuct',
236 silly reify   '/Users/talhaazeem/Documents/managementSystem/node_modules/.bin/prisma': '/Users/talhaazeem/Documents/managementSystem/node_modules/.bin/.prisma-D65rPl4S',
236 silly reify   '/Users/talhaazeem/Documents/managementSystem/node_modules/proper-lockfile': '/Users/talhaazeem/Documents/managementSystem/node_modules/.proper-lockfile-urE7LH6V',
236 silly reify   '/Users/talhaazeem/Documents/managementSystem/node_modules/regexp-to-ast': '/Users/talhaazeem/Documents/managementSystem/node_modules/.regexp-to-ast-lLxdhsJm',
236 silly reify   '/Users/talhaazeem/Documents/managementSystem/node_modules/remeda': '/Users/talhaazeem/Documents/managementSystem/node_modules/.remeda-A7fnTAa9',
236 silly reify   '/Users/talhaazeem/Documents/managementSystem/node_modules/retry': '/Users/talhaazeem/Documents/managementSystem/node_modules/.retry-ENqdIh83',
236 silly reify   '/Users/talhaazeem/Documents/managementSystem/node_modules/safer-buffer': '/Users/talhaazeem/Documents/managementSystem/node_modules/.safer-buffer-h6X2VW0K',
236 silly reify   '/Users/talhaazeem/Documents/managementSystem/node_modules/seq-queue': '/Users/talhaazeem/Documents/managementSystem/node_modules/.seq-queue-VyTMcboL',
236 silly reify   '/Users/talhaazeem/Documents/managementSystem/node_modules/sqlstring': '/Users/talhaazeem/Documents/managementSystem/node_modules/.sqlstring-pfflcnr6',
236 silly reify   '/Users/talhaazeem/Documents/managementSystem/node_modules/signal-exit': '/Users/talhaazeem/Documents/managementSystem/node_modules/.signal-exit-0pKSuuJm',
236 silly reify   '/Users/talhaazeem/Documents/managementSystem/node_modules/std-env': '/Users/talhaazeem/Documents/managementSystem/node_modules/.std-env-QUdeC9un',
236 silly reify   '/Users/talhaazeem/Documents/managementSystem/node_modules/type-fest': '/Users/talhaazeem/Documents/managementSystem/node_modules/.type-fest-ELON8kOH',
236 silly reify   '/Users/talhaazeem/Documents/managementSystem/node_modules/valibot': '/Users/talhaazeem/Documents/managementSystem/node_modules/.valibot-nFAyHZyl',
236 silly reify   '/Users/talhaazeem/Documents/managementSystem/node_modules/zeptomatch': '/Users/talhaazeem/Documents/managementSystem/node_modules/.zeptomatch-BmMhQfh4',
236 silly reify   '/Users/talhaazeem/Documents/managementSystem/node_modules/@chevrotain/types': '/Users/talhaazeem/Documents/managementSystem/node_modules/@chevrotain/.types-2ICl008G',
236 silly reify   '/Users/talhaazeem/Documents/managementSystem/node_modules/@chevrotain/cst-dts-gen': '/Users/talhaazeem/Documents/managementSystem/node_modules/@chevrotain/.cst-dts-gen-eBv3PzW2',
236 silly reify   '/Users/talhaazeem/Documents/managementSystem/node_modules/@chevrotain/gast': '/Users/talhaazeem/Documents/managementSystem/node_modules/@chevrotain/.gast-93JVxmXY',
236 silly reify   '/Users/talhaazeem/Documents/managementSystem/node_modules/@electric-sql/pglite-socket': '/Users/talhaazeem/Documents/managementSystem/node_modules/@electric-sql/.pglite-socket-EnJx0lAC',
236 silly reify   '/Users/talhaazeem/Documents/managementSystem/node_modules/.bin/pglite-server': '/Users/talhaazeem/Documents/managementSystem/node_modules/.bin/.pglite-server-KuFjuSQy',
236 silly reify   '/Users/talhaazeem/Documents/managementSystem/node_modules/@electric-sql/pglite': '/Users/talhaazeem/Documents/managementSystem/node_modules/@electric-sql/.pglite-WInqCqOI',
236 silly reify   '/Users/talhaazeem/Documents/managementSystem/node_modules/@electric-sql/pglite-tools': '/Users/talhaazeem/Documents/managementSystem/node_modules/@electric-sql/.pglite-tools-FZH1SRQn',
236 silly reify   '/Users/talhaazeem/Documents/managementSystem/node_modules/@chevrotain/utils': '/Users/talhaazeem/Documents/managementSystem/node_modules/@chevrotain/.utils-0dZC04dr',
236 silly reify   '/Users/talhaazeem/Documents/managementSystem/node_modules/@hono/node-server': '/Users/talhaazeem/Documents/managementSystem/node_modules/@hono/.node-server-ogWXAO5p',
236 silly reify   '/Users/talhaazeem/Documents/managementSystem/node_modules/@mrleebo/prisma-ast': '/Users/talhaazeem/Documents/managementSystem/node_modules/@mrleebo/.prisma-ast-d8C5KblS',
236 silly reify   '/Users/talhaazeem/Documents/managementSystem/node_modules/@prisma/config': '/Users/talhaazeem/Documents/managementSystem/node_modules/@prisma/.config-uHXKkWcQ',
236 silly reify   '/Users/talhaazeem/Documents/managementSystem/node_modules/@prisma/debug': '/Users/talhaazeem/Documents/managementSystem/node_modules/@prisma/.debug-EmkLcuEO',
236 silly reify   '/Users/talhaazeem/Documents/managementSystem/node_modules/@prisma/engines': '/Users/talhaazeem/Documents/managementSystem/node_modules/@prisma/.engines-VRptlR3L',
236 silly reify   '/Users/talhaazeem/Documents/managementSystem/node_modules/@prisma/engines-version': '/Users/talhaazeem/Documents/managementSystem/node_modules/@prisma/.engines-version-pJiXH64N',
236 silly reify   '/Users/talhaazeem/Documents/managementSystem/node_modules/@prisma/get-platform': '/Users/talhaazeem/Documents/managementSystem/node_modules/@prisma/.get-platform-faCMiDhW',
236 silly reify   '/Users/talhaazeem/Documents/managementSystem/node_modules/@prisma/dev': '/Users/talhaazeem/Documents/managementSystem/node_modules/@prisma/.dev-HxNvFbz3',
236 silly reify   '/Users/talhaazeem/Documents/managementSystem/node_modules/@prisma/fetch-engine': '/Users/talhaazeem/Documents/managementSystem/node_modules/@prisma/.fetch-engine-Ems6l2Kw',
236 silly reify   '/Users/talhaazeem/Documents/managementSystem/node_modules/@prisma/query-plan-executor': '/Users/talhaazeem/Documents/managementSystem/node_modules/@prisma/.query-plan-executor-9GdsPbYA',
236 silly reify   '/Users/talhaazeem/Documents/managementSystem/node_modules/@prisma/studio-core': '/Users/talhaazeem/Documents/managementSystem/node_modules/@prisma/.studio-core-3b4jUtFD'
236 silly reify }
237 silly audit bulk request {
237 silly audit   '@babel/code-frame': [ '7.28.6' ],
237 silly audit   '@babel/compat-data': [ '7.28.6' ],
237 silly audit   '@babel/core': [ '7.28.6' ],
237 silly audit   '@babel/generator': [ '7.28.6' ],
237 silly audit   '@babel/helper-compilation-targets': [ '7.28.6' ],
237 silly audit   '@babel/helper-globals': [ '7.28.0' ],
237 silly audit   '@babel/helper-module-imports': [ '7.28.6' ],
237 silly audit   '@babel/helper-module-transforms': [ '7.28.6' ],
237 silly audit   '@babel/helper-string-parser': [ '7.27.1' ],
237 silly audit   '@babel/helper-validator-identifier': [ '7.28.5' ],
237 silly audit   '@babel/helper-validator-option': [ '7.27.1' ],
237 silly audit   '@babel/helpers': [ '7.28.6' ],
237 silly audit   '@babel/parser': [ '7.28.6' ],
237 silly audit   '@babel/template': [ '7.28.6' ],
237 silly audit   '@babel/traverse': [ '7.28.6' ],
237 silly audit   '@babel/types': [ '7.28.6' ],
237 silly audit   '@emnapi/core': [ '1.8.1' ],
237 silly audit   '@emnapi/runtime': [ '1.8.1' ],
237 silly audit   '@emnapi/wasi-threads': [ '1.1.0' ],
237 silly audit   '@eslint-community/eslint-utils': [ '4.9.1' ],
237 silly audit   'eslint-visitor-keys': [ '3.4.3', '4.2.1' ],
237 silly audit   '@eslint-community/regexpp': [ '4.12.2' ],
237 silly audit   '@eslint/config-array': [ '0.21.1' ],
237 silly audit   '@eslint/config-helpers': [ '0.4.2' ],
237 silly audit   '@eslint/core': [ '0.17.0' ],
237 silly audit   '@eslint/eslintrc': [ '3.3.3' ],
237 silly audit   '@eslint/js': [ '9.39.2' ],
237 silly audit   '@eslint/object-schema': [ '2.1.7' ],
237 silly audit   '@eslint/plugin-kit': [ '0.4.1' ],
237 silly audit   '@humanfs/core': [ '0.19.1' ],
237 silly audit   '@humanfs/node': [ '0.16.7' ],
237 silly audit   '@humanwhocodes/module-importer': [ '1.0.1' ],
237 silly audit   '@humanwhocodes/retry': [ '0.4.3' ],
237 silly audit   '@img/colour': [ '1.0.0' ],
237 silly audit   '@img/sharp-darwin-arm64': [ '0.34.5' ],
237 silly audit   '@img/sharp-darwin-x64': [ '0.34.5' ],
237 silly audit   '@img/sharp-libvips-darwin-arm64': [ '1.2.4' ],
237 silly audit   '@img/sharp-libvips-darwin-x64': [ '1.2.4' ],
237 silly audit   '@img/sharp-libvips-linux-arm': [ '1.2.4' ],
237 silly audit   '@img/sharp-libvips-linux-arm64': [ '1.2.4' ],
237 silly audit   '@img/sharp-libvips-linux-ppc64': [ '1.2.4' ],
237 silly audit   '@img/sharp-libvips-linux-riscv64': [ '1.2.4' ],
237 silly audit   '@img/sharp-libvips-linux-s390x': [ '1.2.4' ],
237 silly audit   '@img/sharp-libvips-linux-x64': [ '1.2.4' ],
237 silly audit   '@img/sharp-libvips-linuxmusl-arm64': [ '1.2.4' ],
237 silly audit   '@img/sharp-libvips-linuxmusl-x64': [ '1.2.4' ],
237 silly audit   '@img/sharp-linux-arm': [ '0.34.5' ],
237 silly audit   '@img/sharp-linux-arm64': [ '0.34.5' ],
237 silly audit   '@img/sharp-linux-ppc64': [ '0.34.5' ],
237 silly audit   '@img/sharp-linux-riscv64': [ '0.34.5' ],
237 silly audit   '@img/sharp-linux-s390x': [ '0.34.5' ],
237 silly audit   '@img/sharp-linux-x64': [ '0.34.5' ],
237 silly audit   '@img/sharp-linuxmusl-arm64': [ '0.34.5' ],
237 silly audit   '@img/sharp-linuxmusl-x64': [ '0.34.5' ],
237 silly audit   '@img/sharp-wasm32': [ '0.34.5' ],
237 silly audit   '@img/sharp-win32-arm64': [ '0.34.5' ],
237 silly audit   '@img/sharp-win32-ia32': [ '0.34.5' ],
237 silly audit   '@img/sharp-win32-x64': [ '0.34.5' ],
237 silly audit   '@jridgewell/gen-mapping': [ '0.3.13' ],
237 silly audit   '@jridgewell/remapping': [ '2.3.5' ],
237 silly audit   '@jridgewell/resolve-uri': [ '3.1.2' ],
237 silly audit   '@jridgewell/sourcemap-codec': [ '1.5.5' ],
237 silly audit   '@jridgewell/trace-mapping': [ '0.3.31' ],
237 silly audit   '@napi-rs/wasm-runtime': [ '0.2.12' ],
237 silly audit   '@next/env': [ '16.1.3' ],
237 silly audit   '@next/eslint-plugin-next': [ '16.1.3' ],
237 silly audit   '@next/swc-darwin-arm64': [ '16.1.3' ],
237 silly audit   '@next/swc-darwin-x64': [ '16.1.3' ],
237 silly audit   '@next/swc-linux-arm64-gnu': [ '16.1.3' ],
237 silly audit   '@next/swc-linux-arm64-musl': [ '16.1.3' ],
237 silly audit   '@next/swc-linux-x64-gnu': [ '16.1.3' ],
237 silly audit   '@next/swc-linux-x64-musl': [ '16.1.3' ],
237 silly audit   '@next/swc-win32-arm64-msvc': [ '16.1.3' ],
237 silly audit   '@next/swc-win32-x64-msvc': [ '16.1.3' ],
237 silly audit   '@nodelib/fs.scandir': [ '2.1.5' ],
237 silly audit   '@nodelib/fs.stat': [ '2.0.5' ],
237 silly audit   '@nodelib/fs.walk': [ '1.2.8' ],
237 silly audit   '@nolyfill/is-core-module': [ '1.0.39' ],
237 silly audit   '@prisma/client': [ '7.2.0' ],
237 silly audit   '@prisma/client-runtime-utils': [ '7.2.0' ],
237 silly audit   '@rtsao/scc': [ '1.1.0' ],
237 silly audit   '@swc/helpers': [ '0.5.15' ],
237 silly audit   '@tybys/wasm-util': [ '0.10.1' ],
237 silly audit   '@types/estree': [ '1.0.8' ],
237 silly audit   '@types/json-schema': [ '7.0.15' ],
237 silly audit   '@types/json5': [ '0.0.29' ],
237 silly audit   '@types/node': [ '20.19.30' ],
237 silly audit   '@types/react': [ '19.2.8' ],
237 silly audit   '@types/react-dom': [ '19.2.3' ],
237 silly audit   '@typescript-eslint/eslint-plugin': [ '8.53.0' ],
237 silly audit   ignore: [ '7.0.5', '5.3.2' ],
237 silly audit   '@typescript-eslint/parser': [ '8.53.0' ],
237 silly audit   '@typescript-eslint/project-service': [ '8.53.0' ],
237 silly audit   '@typescript-eslint/scope-manager': [ '8.53.0' ],
237 silly audit   '@typescript-eslint/tsconfig-utils': [ '8.53.0' ],
237 silly audit   '@typescript-eslint/type-utils': [ '8.53.0' ],
237 silly audit   '@typescript-eslint/types': [ '8.53.0' ],
237 silly audit   '@typescript-eslint/typescript-estree': [ '8.53.0' ],
237 silly audit   'brace-expansion': [ '2.0.2', '1.1.12' ],
237 silly audit   minimatch: [ '9.0.5', '3.1.2' ],
237 silly audit   semver: [ '7.7.3', '6.3.1' ],
237 silly audit   '@typescript-eslint/utils': [ '8.53.0' ],
237 silly audit   '@typescript-eslint/visitor-keys': [ '8.53.0' ],
237 silly audit   '@unrs/resolver-binding-android-arm-eabi': [ '1.11.1' ],
237 silly audit   '@unrs/resolver-binding-android-arm64': [ '1.11.1' ],
237 silly audit   '@unrs/resolver-binding-darwin-arm64': [ '1.11.1' ],
237 silly audit   '@unrs/resolver-binding-darwin-x64': [ '1.11.1' ],
237 silly audit   '@unrs/resolver-binding-freebsd-x64': [ '1.11.1' ],
237 silly audit   '@unrs/resolver-binding-linux-arm-gnueabihf': [ '1.11.1' ],
237 silly audit   '@unrs/resolver-binding-linux-arm-musleabihf': [ '1.11.1' ],
237 silly audit   '@unrs/resolver-binding-linux-arm64-gnu': [ '1.11.1' ],
237 silly audit   '@unrs/resolver-binding-linux-arm64-musl': [ '1.11.1' ],
237 silly audit   '@unrs/resolver-binding-linux-ppc64-gnu': [ '1.11.1' ],
237 silly audit   '@unrs/resolver-binding-linux-riscv64-gnu': [ '1.11.1' ],
237 silly audit   '@unrs/resolver-binding-linux-riscv64-musl': [ '1.11.1' ],
237 silly audit   '@unrs/resolver-binding-linux-s390x-gnu': [ '1.11.1' ],
237 silly audit   '@unrs/resolver-binding-linux-x64-gnu': [ '1.11.1' ],
237 silly audit   '@unrs/resolver-binding-linux-x64-musl': [ '1.11.1' ],
237 silly audit   '@unrs/resolver-binding-wasm32-wasi': [ '1.11.1' ],
237 silly audit   '@unrs/resolver-binding-win32-arm64-msvc': [ '1.11.1' ],
237 silly audit   '@unrs/resolver-binding-win32-ia32-msvc': [ '1.11.1' ],
237 silly audit   '@unrs/resolver-binding-win32-x64-msvc': [ '1.11.1' ],
237 silly audit   acorn: [ '8.15.0' ],
237 silly audit   'acorn-jsx': [ '5.3.2' ],
237 silly audit   ajv: [ '6.12.6' ],
237 silly audit   'ansi-styles': [ '4.3.0' ],
237 silly audit   argparse: [ '2.0.1' ],
237 silly audit   'aria-query': [ '5.3.2' ],
237 silly audit   'array-buffer-byte-length': [ '1.0.2' ],
237 silly audit   'array-includes': [ '3.1.9' ],
237 silly audit   'array.prototype.findlast': [ '1.2.5' ],
237 silly audit   'array.prototype.findlastindex': [ '1.2.6' ],
237 silly audit   'array.prototype.flat': [ '1.3.3' ],
237 silly audit   'array.prototype.flatmap': [ '1.3.3' ],
237 silly audit   'array.prototype.tosorted': [ '1.1.4' ],
237 silly audit   'arraybuffer.prototype.slice': [ '1.0.4' ],
237 silly audit   'ast-types-flow': [ '0.0.8' ],
237 silly audit   'async-function': [ '1.0.0' ],
237 silly audit   'available-typed-arrays': [ '1.0.7' ],
237 silly audit   'axe-core': [ '4.11.1' ],
237 silly audit   'axobject-query': [ '4.1.0' ],
237 silly audit   'balanced-match': [ '1.0.2' ],
237 silly audit   'baseline-browser-mapping': [ '2.9.15' ],
237 silly audit   braces: [ '3.0.3' ],
237 silly audit   browserslist: [ '4.28.1' ],
237 silly audit   'call-bind': [ '1.0.8' ],
237 silly audit   'call-bind-apply-helpers': [ '1.0.2' ],
237 silly audit   'call-bound': [ '1.0.4' ],
237 silly audit   callsites: [ '3.1.0' ],
237 silly audit   'caniuse-lite': [ '1.0.30001764' ],
237 silly audit   chalk: [ '4.1.2' ],
237 silly audit   'client-only': [ '0.0.1' ],
237 silly audit   'color-convert': [ '2.0.1' ],
237 silly audit   'color-name': [ '1.1.4' ],
237 silly audit   'concat-map': [ '0.0.1' ],
237 silly audit   'convert-source-map': [ '2.0.0' ],
237 silly audit   'cross-spawn': [ '7.0.6' ],
237 silly audit   csstype: [ '3.2.3' ],
237 silly audit   'damerau-levenshtein': [ '1.0.8' ],
237 silly audit   'data-view-buffer': [ '1.0.2' ],
237 silly audit   'data-view-byte-length': [ '1.0.2' ],
237 silly audit   'data-view-byte-offset': [ '1.0.1' ],
237 silly audit   debug: [ '4.4.3', '3.2.7' ],
237 silly audit   'deep-is': [ '0.1.4' ],
237 silly audit   'define-data-property': [ '1.1.4' ],
237 silly audit   'define-properties': [ '1.2.1' ],
237 silly audit   'detect-libc': [ '2.1.2' ],
237 silly audit   doctrine: [ '2.1.0' ],
237 silly audit   'dunder-proto': [ '1.0.1' ],
237 silly audit   'electron-to-chromium': [ '1.5.267' ],
237 silly audit   'emoji-regex': [ '9.2.2' ],
237 silly audit   'es-abstract': [ '1.24.1' ],
237 silly audit   'es-define-property': [ '1.0.1' ],
237 silly audit   'es-errors': [ '1.3.0' ],
237 silly audit   'es-iterator-helpers': [ '1.2.2' ],
237 silly audit   'es-object-atoms': [ '1.1.1' ],
237 silly audit   'es-set-tostringtag': [ '2.1.0' ],
237 silly audit   'es-shim-unscopables': [ '1.1.0' ],
237 silly audit   'es-to-primitive': [ '1.3.0' ],
237 silly audit   escalade: [ '3.2.0' ],
237 silly audit   'escape-string-regexp': [ '4.0.0' ],
237 silly audit   eslint: [ '9.39.2' ],
237 silly audit   'eslint-config-next': [ '16.1.3' ],
237 silly audit   globals: [ '16.4.0', '14.0.0' ],
237 silly audit   'eslint-import-resolver-node': [ '0.3.9' ],
237 silly audit   'eslint-import-resolver-typescript': [ '3.10.1' ],
237 silly audit   'eslint-module-utils': [ '2.12.1' ],
237 silly audit   'eslint-plugin-import': [ '2.32.0' ],
237 silly audit   'eslint-plugin-jsx-a11y': [ '6.10.2' ],
237 silly audit   'eslint-plugin-react': [ '7.37.5' ],
237 silly audit   'eslint-plugin-react-hooks': [ '7.0.1' ],
237 silly audit   resolve: [ '2.0.0-next.5', '1.22.11' ],
237 silly audit   'eslint-scope': [ '8.4.0' ],
237 silly audit   espree: [ '10.4.0' ],
237 silly audit   esquery: [ '1.7.0' ],
237 silly audit   esrecurse: [ '4.3.0' ],
237 silly audit   estraverse: [ '5.3.0' ],
237 silly audit   esutils: [ '2.0.3' ],
237 silly audit   'fast-deep-equal': [ '3.1.3' ],
237 silly audit   'fast-glob': [ '3.3.1' ],
237 silly audit   'glob-parent': [ '5.1.2', '6.0.2' ],
237 silly audit   'fast-json-stable-stringify': [ '2.1.0' ],
237 silly audit   'fast-levenshtein': [ '2.0.6' ],
237 silly audit   fastq: [ '1.20.1' ],
237 silly audit   'file-entry-cache': [ '8.0.0' ],
237 silly audit   'fill-range': [ '7.1.1' ],
237 silly audit   'find-up': [ '5.0.0' ],
237 silly audit   'flat-cache': [ '4.0.1' ],
237 silly audit   flatted: [ '3.3.3' ],
237 silly audit   'for-each': [ '0.3.5' ],
237 silly audit   'function-bind': [ '1.1.2' ],
237 silly audit   'function.prototype.name': [ '1.1.8' ],
237 silly audit   'functions-have-names': [ '1.2.3' ],
237 silly audit   'generator-function': [ '2.0.1' ],
237 silly audit   gensync: [ '1.0.0-beta.2' ],
237 silly audit   'get-intrinsic': [ '1.3.0' ],
237 silly audit   'get-proto': [ '1.0.1' ],
237 silly audit   'get-symbol-description': [ '1.1.0' ],
237 silly audit   'get-tsconfig': [ '4.13.0' ],
237 silly audit   globalthis: [ '1.0.4' ],
237 silly audit   gopd: [ '1.2.0' ],
237 silly audit   'has-bigints': [ '1.1.0' ],
237 silly audit   'has-flag': [ '4.0.0' ],
237 silly audit   'has-property-descriptors': [ '1.0.2' ],
237 silly audit   'has-proto': [ '1.2.0' ],
237 silly audit   'has-symbols': [ '1.1.0' ],
237 silly audit   'has-tostringtag': [ '1.0.2' ],
237 silly audit   hasown: [ '2.0.2' ],
237 silly audit   'hermes-estree': [ '0.25.1' ],
237 silly audit   'hermes-parser': [ '0.25.1' ],
237 silly audit   'import-fresh': [ '3.3.1' ],
237 silly audit   imurmurhash: [ '0.1.4' ],
237 silly audit   'internal-slot': [ '1.1.0' ],
237 silly audit   'is-array-buffer': [ '3.0.5' ],
237 silly audit   'is-async-function': [ '2.1.1' ],
237 silly audit   'is-bigint': [ '1.1.0' ],
237 silly audit   'is-boolean-object': [ '1.2.2' ],
237 silly audit   'is-bun-module': [ '2.0.0' ],
237 silly audit   'is-callable': [ '1.2.7' ],
237 silly audit   'is-core-module': [ '2.16.1' ],
237 silly audit   'is-data-view': [ '1.0.2' ],
237 silly audit   'is-date-object': [ '1.1.0' ],
237 silly audit   'is-extglob': [ '2.1.1' ],
237 silly audit   'is-finalizationregistry': [ '1.1.1' ],
237 silly audit   'is-generator-function': [ '1.1.2' ],
237 silly audit   'is-glob': [ '4.0.3' ],
237 silly audit   'is-map': [ '2.0.3' ],
237 silly audit   'is-negative-zero': [ '2.0.3' ],
237 silly audit   'is-number': [ '7.0.0' ],
237 silly audit   'is-number-object': [ '1.1.1' ],
237 silly audit   'is-regex': [ '1.2.1' ],
237 silly audit   'is-set': [ '2.0.3' ],
237 silly audit   'is-shared-array-buffer': [ '1.0.4' ],
237 silly audit   'is-string': [ '1.1.1' ],
237 silly audit   'is-symbol': [ '1.1.1' ],
237 silly audit   'is-typed-array': [ '1.1.15' ],
237 silly audit   'is-weakmap': [ '2.0.2' ],
237 silly audit   'is-weakref': [ '1.1.1' ],
237 silly audit   'is-weakset': [ '2.0.4' ],
237 silly audit   isarray: [ '2.0.5' ],
237 silly audit   isexe: [ '2.0.0' ],
237 silly audit   'iterator.prototype': [ '1.1.5' ],
237 silly audit   jiti: [ '2.6.1' ],
237 silly audit   'js-tokens': [ '4.0.0' ],
237 silly audit   'js-yaml': [ '4.1.1' ],
237 silly audit   jsesc: [ '3.1.0' ],
237 silly audit   'json-buffer': [ '3.0.1' ],
237 silly audit   'json-schema-traverse': [ '0.4.1' ],
237 silly audit   'json-stable-stringify-without-jsonify': [ '1.0.1' ],
237 silly audit   json5: [ '2.2.3', '1.0.2' ],
237 silly audit   'jsx-ast-utils': [ '3.3.5' ],
237 silly audit   keyv: [ '4.5.4' ],
237 silly audit   'language-subtag-registry': [ '0.3.23' ],
237 silly audit   'language-tags': [ '1.0.9' ],
237 silly audit   levn: [ '0.4.1' ],
237 silly audit   'locate-path': [ '6.0.0' ],
237 silly audit   'lodash.merge': [ '4.6.2' ],
237 silly audit   'loose-envify': [ '1.4.0' ],
237 silly audit   'lru-cache': [ '5.1.1' ],
237 silly audit   'math-intrinsics': [ '1.1.0' ],
237 silly audit   merge2: [ '1.4.1' ],
237 silly audit   micromatch: [ '4.0.8' ],
237 silly audit   minimist: [ '1.2.8' ],
237 silly audit   ms: [ '2.1.3' ],
237 silly audit   nanoid: [ '3.3.11' ],
237 silly audit   'napi-postinstall': [ '0.3.4' ],
237 silly audit   'natural-compare': [ '1.4.0' ],
237 silly audit   next: [ '16.1.3' ],
237 silly audit   'node-releases': [ '2.0.27' ],
237 silly audit   'object-assign': [ '4.1.1' ],
237 silly audit   'object-inspect': [ '1.13.4' ],
237 silly audit   'object-keys': [ '1.1.1' ],
237 silly audit   'object.assign': [ '4.1.7' ],
237 silly audit   'object.entries': [ '1.1.9' ],
237 silly audit   'object.fromentries': [ '2.0.8' ],
237 silly audit   'object.groupby': [ '1.0.3' ],
237 silly audit   'object.values': [ '1.2.1' ],
237 silly audit   optionator: [ '0.9.4' ],
237 silly audit   'own-keys': [ '1.0.1' ],
237 silly audit   'p-limit': [ '3.1.0' ],
237 silly audit   'p-locate': [ '5.0.0' ],
237 silly audit   'parent-module': [ '1.0.1' ],
237 silly audit   'path-exists': [ '4.0.0' ],
237 silly audit   'path-key': [ '3.1.1' ],
237 silly audit   'path-parse': [ '1.0.7' ],
237 silly audit   pg: [ '8.17.1' ],
237 silly audit   'pg-cloudflare': [ '1.3.0' ],
237 silly audit   'pg-connection-string': [ '2.10.0' ],
237 silly audit   'pg-int8': [ '1.0.1' ],
237 silly audit   'pg-pool': [ '3.11.0' ],
237 silly audit   'pg-protocol': [ '1.11.0' ],
237 silly audit   'pg-types': [ '2.2.0' ],
237 silly audit   pgpass: [ '1.0.5' ],
237 silly audit   picocolors: [ '1.1.1' ],
237 silly audit   picomatch: [ '2.3.1', '4.0.3' ],
237 silly audit   'possible-typed-array-names': [ '1.1.0' ],
237 silly audit   postcss: [ '8.4.31' ],
237 silly audit   'postgres-array': [ '2.0.0' ],
237 silly audit   'postgres-bytea': [ '1.0.1' ],
237 silly audit   'postgres-date': [ '1.0.7' ],
237 silly audit   'postgres-interval': [ '1.2.0' ],
237 silly audit   'prelude-ls': [ '1.2.1' ],
237 silly audit   'prop-types': [ '15.8.1' ],
237 silly audit   punycode: [ '2.3.1' ],
237 silly audit   'queue-microtask': [ '1.2.3' ],
237 silly audit   react: [ '19.2.3' ],
237 silly audit   'react-dom': [ '19.2.3' ],
237 silly audit   'react-is': [ '16.13.1' ],
237 silly audit   'reflect.getprototypeof': [ '1.0.10' ],
237 silly audit   'regexp.prototype.flags': [ '1.5.4' ],
237 silly audit   'resolve-from': [ '4.0.0' ],
237 silly audit   'resolve-pkg-maps': [ '1.0.0' ],
237 silly audit   reusify: [ '1.1.0' ],
237 silly audit   'run-parallel': [ '1.2.0' ],
237 silly audit   'safe-array-concat': [ '1.1.3' ],
237 silly audit   'safe-push-apply': [ '1.0.0' ],
237 silly audit   'safe-regex-test': [ '1.1.0' ],
237 silly audit   scheduler: [ '0.27.0' ],
237 silly audit   'set-function-length': [ '1.2.2' ],
237 silly audit   'set-function-name': [ '2.0.2' ],
237 silly audit   'set-proto': [ '1.0.0' ],
237 silly audit   sharp: [ '0.34.5' ],
237 silly audit   'shebang-command': [ '2.0.0' ],
237 silly audit   'shebang-regex': [ '3.0.0' ],
237 silly audit   'side-channel': [ '1.1.0' ],
237 silly audit   'side-channel-list': [ '1.0.0' ],
237 silly audit   'side-channel-map': [ '1.0.1' ],
237 silly audit   'side-channel-weakmap': [ '1.0.2' ],
237 silly audit   'source-map-js': [ '1.2.1' ],
237 silly audit   split2: [ '4.2.0' ],
237 silly audit   'stable-hash': [ '0.0.5' ],
237 silly audit   'stop-iteration-iterator': [ '1.1.0' ],
237 silly audit   'string.prototype.includes': [ '2.0.1' ],
237 silly audit   'string.prototype.matchall': [ '4.0.12' ],
237 silly audit   'string.prototype.repeat': [ '1.0.0' ],
237 silly audit   'string.prototype.trim': [ '1.2.10' ],
237 silly audit   'string.prototype.trimend': [ '1.0.9' ],
237 silly audit   'string.prototype.trimstart': [ '1.0.8' ],
237 silly audit   'strip-bom': [ '3.0.0' ],
237 silly audit   'strip-json-comments': [ '3.1.1' ],
237 silly audit   'styled-jsx': [ '5.1.6' ],
237 silly audit   'supports-color': [ '7.2.0' ],
237 silly audit   'supports-preserve-symlinks-flag': [ '1.0.0' ],
237 silly audit   tinyglobby: [ '0.2.15' ],
237 silly audit   fdir: [ '6.5.0' ],
237 silly audit   'to-regex-range': [ '5.0.1' ],
237 silly audit   'ts-api-utils': [ '2.4.0' ],
237 silly audit   'tsconfig-paths': [ '3.15.0' ],
237 silly audit   tslib: [ '2.8.1' ],
237 silly audit   'type-check': [ '0.4.0' ],
237 silly audit   'typed-array-buffer': [ '1.0.3' ],
237 silly audit   'typed-array-byte-length': [ '1.0.3' ],
237 silly audit   'typed-array-byte-offset': [ '1.0.4' ],
237 silly audit   'typed-array-length': [ '1.0.7' ],
237 silly audit   typescript: [ '5.9.3' ],
237 silly audit   'typescript-eslint': [ '8.53.0' ],
237 silly audit   'unbox-primitive': [ '1.1.0' ],
237 silly audit   'undici-types': [ '6.21.0' ],
237 silly audit   'unrs-resolver': [ '1.11.1' ],
237 silly audit   'update-browserslist-db': [ '1.2.3' ],
237 silly audit   'uri-js': [ '4.4.1' ],
237 silly audit   which: [ '2.0.2' ],
237 silly audit   'which-boxed-primitive': [ '1.1.1' ],
237 silly audit   'which-builtin-type': [ '1.2.1' ],
237 silly audit   'which-collection': [ '1.0.2' ],
237 silly audit   'which-typed-array': [ '1.1.20' ],
237 silly audit   'word-wrap': [ '1.2.5' ],
237 silly audit   xtend: [ '4.0.2' ],
237 silly audit   yallist: [ '3.1.1' ],
237 silly audit   'yocto-queue': [ '0.1.0' ],
237 silly audit   zod: [ '4.3.5' ],
237 silly audit   'zod-validation-error': [ '4.0.2' ],
237 silly audit   prisma: [ '6.19.2' ],
237 silly audit   '@prisma/config': [ '6.19.2' ],
237 silly audit   '@prisma/engines': [ '6.19.2' ],
237 silly audit   c12: [ '3.1.0' ],
237 silly audit   'deepmerge-ts': [ '7.1.5' ],
237 silly audit   effect: [ '3.18.4' ],
237 silly audit   empathic: [ '2.0.0' ],
237 silly audit   '@prisma/debug': [ '6.19.2' ],
237 silly audit   '@prisma/engines-version': [ '7.1.1-3.c2990dca591cba766e3b7ef5d9e8a84796e47ab7' ],
237 silly audit   '@prisma/fetch-engine': [ '6.19.2' ],
237 silly audit   '@prisma/get-platform': [ '6.19.2' ],
237 silly audit   chokidar: [ '4.0.3' ],
237 silly audit   confbox: [ '0.2.2' ],
237 silly audit   defu: [ '6.1.4' ],
237 silly audit   dotenv: [ '16.6.1' ],
237 silly audit   exsolve: [ '1.0.8' ],
237 silly audit   giget: [ '2.0.0' ],
237 silly audit   ohash: [ '2.0.11' ],
237 silly audit   pathe: [ '2.0.3' ],
237 silly audit   'perfect-debounce': [ '1.0.0' ],
237 silly audit   'pkg-types': [ '2.3.0' ],
237 silly audit   rc9: [ '2.1.2' ],
237 silly audit   readdirp: [ '4.1.2' ],
237 silly audit   '@standard-schema/spec': [ '1.1.0' ],
237 silly audit   'fast-check': [ '3.23.2' ],
237 silly audit   'pure-rand': [ '6.1.0' ],
237 silly audit   citty: [ '0.1.6' ],
237 silly audit   consola: [ '3.4.2' ],
237 silly audit   'node-fetch-native': [ '1.6.7' ],
237 silly audit   nypm: [ '0.6.2' ],
237 silly audit   tinyexec: [ '1.0.2' ],
237 silly audit   destr: [ '2.0.5' ]
237 silly audit }
238 verbose reify failed optional dependency /Users/talhaazeem/Documents/managementSystem/node_modules/@unrs/resolver-binding-win32-x64-msvc
239 silly reify mark deleted [
239 silly reify   '/Users/talhaazeem/Documents/managementSystem/node_modules/@unrs/resolver-binding-win32-x64-msvc'
239 silly reify ]
240 verbose reify failed optional dependency /Users/talhaazeem/Documents/managementSystem/node_modules/@unrs/resolver-binding-win32-ia32-msvc
241 silly reify mark deleted [
241 silly reify   '/Users/talhaazeem/Documents/managementSystem/node_modules/@unrs/resolver-binding-win32-ia32-msvc'
241 silly reify ]
242 verbose reify failed optional dependency /Users/talhaazeem/Documents/managementSystem/node_modules/@unrs/resolver-binding-win32-arm64-msvc
243 silly reify mark deleted [
243 silly reify   '/Users/talhaazeem/Documents/managementSystem/node_modules/@unrs/resolver-binding-win32-arm64-msvc'
243 silly reify ]
244 verbose reify failed optional dependency /Users/talhaazeem/Documents/managementSystem/node_modules/@unrs/resolver-binding-wasm32-wasi
245 silly reify mark deleted [
245 silly reify   '/Users/talhaazeem/Documents/managementSystem/node_modules/@unrs/resolver-binding-wasm32-wasi'
245 silly reify ]
246 verbose reify failed optional dependency /Users/talhaazeem/Documents/managementSystem/node_modules/@napi-rs/wasm-runtime
247 silly reify mark deleted [
247 silly reify   '/Users/talhaazeem/Documents/managementSystem/node_modules/@napi-rs/wasm-runtime'
247 silly reify ]
248 verbose reify failed optional dependency /Users/talhaazeem/Documents/managementSystem/node_modules/@emnapi/core
249 silly reify mark deleted [
249 silly reify   '/Users/talhaazeem/Documents/managementSystem/node_modules/@emnapi/core'
249 silly reify ]
250 verbose reify failed optional dependency /Users/talhaazeem/Documents/managementSystem/node_modules/@tybys/wasm-util
251 silly reify mark deleted [
251 silly reify   '/Users/talhaazeem/Documents/managementSystem/node_modules/@tybys/wasm-util'
251 silly reify ]
252 verbose reify failed optional dependency /Users/talhaazeem/Documents/managementSystem/node_modules/@emnapi/wasi-threads
253 silly reify mark deleted [
253 silly reify   '/Users/talhaazeem/Documents/managementSystem/node_modules/@emnapi/wasi-threads'
253 silly reify ]
254 verbose reify failed optional dependency /Users/talhaazeem/Documents/managementSystem/node_modules/@unrs/resolver-binding-linux-x64-musl
255 silly reify mark deleted [
255 silly reify   '/Users/talhaazeem/Documents/managementSystem/node_modules/@unrs/resolver-binding-linux-x64-musl'
255 silly reify ]
256 verbose reify failed optional dependency /Users/talhaazeem/Documents/managementSystem/node_modules/@unrs/resolver-binding-linux-x64-gnu
257 silly reify mark deleted [
257 silly reify   '/Users/talhaazeem/Documents/managementSystem/node_modules/@unrs/resolver-binding-linux-x64-gnu'
257 silly reify ]
258 verbose reify failed optional dependency /Users/talhaazeem/Documents/managementSystem/node_modules/@unrs/resolver-binding-linux-s390x-gnu
259 silly reify mark deleted [
259 silly reify   '/Users/talhaazeem/Documents/managementSystem/node_modules/@unrs/resolver-binding-linux-s390x-gnu'
259 silly reify ]
260 verbose reify failed optional dependency /Users/talhaazeem/Documents/managementSystem/node_modules/@unrs/resolver-binding-linux-riscv64-musl
261 silly reify mark deleted [
261 silly reify   '/Users/talhaazeem/Documents/managementSystem/node_modules/@unrs/resolver-binding-linux-riscv64-musl'
261 silly reify ]
262 verbose reify failed optional dependency /Users/talhaazeem/Documents/managementSystem/node_modules/@unrs/resolver-binding-linux-riscv64-gnu
263 silly reify mark deleted [
263 silly reify   '/Users/talhaazeem/Documents/managementSystem/node_modules/@unrs/resolver-binding-linux-riscv64-gnu'
263 silly reify ]
264 verbose reify failed optional dependency /Users/talhaazeem/Documents/managementSystem/node_modules/@unrs/resolver-binding-linux-ppc64-gnu
265 silly reify mark deleted [
265 silly reify   '/Users/talhaazeem/Documents/managementSystem/node_modules/@unrs/resolver-binding-linux-ppc64-gnu'
265 silly reify ]
266 verbose reify failed optional dependency /Users/talhaazeem/Documents/managementSystem/node_modules/@unrs/resolver-binding-linux-arm64-musl
267 silly reify mark deleted [
267 silly reify   '/Users/talhaazeem/Documents/managementSystem/node_modules/@unrs/resolver-binding-linux-arm64-musl'
267 silly reify ]
268 verbose reify failed optional dependency /Users/talhaazeem/Documents/managementSystem/node_modules/@unrs/resolver-binding-linux-arm64-gnu
269 silly reify mark deleted [
269 silly reify   '/Users/talhaazeem/Documents/managementSystem/node_modules/@unrs/resolver-binding-linux-arm64-gnu'
269 silly reify ]
270 verbose reify failed optional dependency /Users/talhaazeem/Documents/managementSystem/node_modules/@unrs/resolver-binding-linux-arm-musleabihf
271 silly reify mark deleted [
271 silly reify   '/Users/talhaazeem/Documents/managementSystem/node_modules/@unrs/resolver-binding-linux-arm-musleabihf'
271 silly reify ]
272 verbose reify failed optional dependency /Users/talhaazeem/Documents/managementSystem/node_modules/@unrs/resolver-binding-linux-arm-gnueabihf
273 silly reify mark deleted [
273 silly reify   '/Users/talhaazeem/Documents/managementSystem/node_modules/@unrs/resolver-binding-linux-arm-gnueabihf'
273 silly reify ]
274 verbose reify failed optional dependency /Users/talhaazeem/Documents/managementSystem/node_modules/@unrs/resolver-binding-freebsd-x64
275 silly reify mark deleted [
275 silly reify   '/Users/talhaazeem/Documents/managementSystem/node_modules/@unrs/resolver-binding-freebsd-x64'
275 silly reify ]
276 verbose reify failed optional dependency /Users/talhaazeem/Documents/managementSystem/node_modules/@unrs/resolver-binding-darwin-x64
277 silly reify mark deleted [
277 silly reify   '/Users/talhaazeem/Documents/managementSystem/node_modules/@unrs/resolver-binding-darwin-x64'
277 silly reify ]
278 verbose reify failed optional dependency /Users/talhaazeem/Documents/managementSystem/node_modules/@unrs/resolver-binding-android-arm64
279 silly reify mark deleted [
279 silly reify   '/Users/talhaazeem/Documents/managementSystem/node_modules/@unrs/resolver-binding-android-arm64'
279 silly reify ]
280 verbose reify failed optional dependency /Users/talhaazeem/Documents/managementSystem/node_modules/@unrs/resolver-binding-android-arm-eabi
281 silly reify mark deleted [
281 silly reify   '/Users/talhaazeem/Documents/managementSystem/node_modules/@unrs/resolver-binding-android-arm-eabi'
281 silly reify ]
282 verbose reify failed optional dependency /Users/talhaazeem/Documents/managementSystem/node_modules/@next/swc-win32-x64-msvc
283 silly reify mark deleted [
283 silly reify   '/Users/talhaazeem/Documents/managementSystem/node_modules/@next/swc-win32-x64-msvc'
283 silly reify ]
284 verbose reify failed optional dependency /Users/talhaazeem/Documents/managementSystem/node_modules/@next/swc-win32-arm64-msvc
285 silly reify mark deleted [
285 silly reify   '/Users/talhaazeem/Documents/managementSystem/node_modules/@next/swc-win32-arm64-msvc'
285 silly reify ]
286 verbose reify failed optional dependency /Users/talhaazeem/Documents/managementSystem/node_modules/@next/swc-linux-x64-musl
287 silly reify mark deleted [
287 silly reify   '/Users/talhaazeem/Documents/managementSystem/node_modules/@next/swc-linux-x64-musl'
287 silly reify ]
288 verbose reify failed optional dependency /Users/talhaazeem/Documents/managementSystem/node_modules/@next/swc-linux-x64-gnu
289 silly reify mark deleted [
289 silly reify   '/Users/talhaazeem/Documents/managementSystem/node_modules/@next/swc-linux-x64-gnu'
289 silly reify ]
290 verbose reify failed optional dependency /Users/talhaazeem/Documents/managementSystem/node_modules/@next/swc-linux-arm64-musl
291 silly reify mark deleted [
291 silly reify   '/Users/talhaazeem/Documents/managementSystem/node_modules/@next/swc-linux-arm64-musl'
291 silly reify ]
292 verbose reify failed optional dependency /Users/talhaazeem/Documents/managementSystem/node_modules/@next/swc-linux-arm64-gnu
293 silly reify mark deleted [
293 silly reify   '/Users/talhaazeem/Documents/managementSystem/node_modules/@next/swc-linux-arm64-gnu'
293 silly reify ]
294 verbose reify failed optional dependency /Users/talhaazeem/Documents/managementSystem/node_modules/@next/swc-darwin-x64
295 silly reify mark deleted [
295 silly reify   '/Users/talhaazeem/Documents/managementSystem/node_modules/@next/swc-darwin-x64'
295 silly reify ]
296 verbose reify failed optional dependency /Users/talhaazeem/Documents/managementSystem/node_modules/@img/sharp-win32-x64
297 silly reify mark deleted [
297 silly reify   '/Users/talhaazeem/Documents/managementSystem/node_modules/@img/sharp-win32-x64'
297 silly reify ]
298 verbose reify failed optional dependency /Users/talhaazeem/Documents/managementSystem/node_modules/@img/sharp-win32-ia32
299 silly reify mark deleted [
299 silly reify   '/Users/talhaazeem/Documents/managementSystem/node_modules/@img/sharp-win32-ia32'
299 silly reify ]
300 verbose reify failed optional dependency /Users/talhaazeem/Documents/managementSystem/node_modules/@img/sharp-win32-arm64
301 silly reify mark deleted [
301 silly reify   '/Users/talhaazeem/Documents/managementSystem/node_modules/@img/sharp-win32-arm64'
301 silly reify ]
302 verbose reify failed optional dependency /Users/talhaazeem/Documents/managementSystem/node_modules/@img/sharp-wasm32
303 silly reify mark deleted [
303 silly reify   '/Users/talhaazeem/Documents/managementSystem/node_modules/@img/sharp-wasm32'
303 silly reify ]
304 verbose reify failed optional dependency /Users/talhaazeem/Documents/managementSystem/node_modules/@img/sharp-linuxmusl-x64
305 silly reify mark deleted [
305 silly reify   '/Users/talhaazeem/Documents/managementSystem/node_modules/@img/sharp-linuxmusl-x64'
305 silly reify ]
306 verbose reify failed optional dependency /Users/talhaazeem/Documents/managementSystem/node_modules/@img/sharp-linuxmusl-arm64
307 silly reify mark deleted [
307 silly reify   '/Users/talhaazeem/Documents/managementSystem/node_modules/@img/sharp-linuxmusl-arm64'
307 silly reify ]
308 verbose reify failed optional dependency /Users/talhaazeem/Documents/managementSystem/node_modules/@img/sharp-linux-x64
309 silly reify mark deleted [
309 silly reify   '/Users/talhaazeem/Documents/managementSystem/node_modules/@img/sharp-linux-x64'
309 silly reify ]
310 verbose reify failed optional dependency /Users/talhaazeem/Documents/managementSystem/node_modules/@img/sharp-linux-s390x
311 silly reify mark deleted [
311 silly reify   '/Users/talhaazeem/Documents/managementSystem/node_modules/@img/sharp-linux-s390x'
311 silly reify ]
312 verbose reify failed optional dependency /Users/talhaazeem/Documents/managementSystem/node_modules/@img/sharp-linux-riscv64
313 silly reify mark deleted [
313 silly reify   '/Users/talhaazeem/Documents/managementSystem/node_modules/@img/sharp-linux-riscv64'
313 silly reify ]
314 verbose reify failed optional dependency /Users/talhaazeem/Documents/managementSystem/node_modules/@img/sharp-linux-ppc64
315 silly reify mark deleted [
315 silly reify   '/Users/talhaazeem/Documents/managementSystem/node_modules/@img/sharp-linux-ppc64'
315 silly reify ]
316 verbose reify failed optional dependency /Users/talhaazeem/Documents/managementSystem/node_modules/@img/sharp-linux-arm64
317 silly reify mark deleted [
317 silly reify   '/Users/talhaazeem/Documents/managementSystem/node_modules/@img/sharp-linux-arm64'
317 silly reify ]
318 verbose reify failed optional dependency /Users/talhaazeem/Documents/managementSystem/node_modules/@img/sharp-linux-arm
319 silly reify mark deleted [
319 silly reify   '/Users/talhaazeem/Documents/managementSystem/node_modules/@img/sharp-linux-arm'
319 silly reify ]
320 verbose reify failed optional dependency /Users/talhaazeem/Documents/managementSystem/node_modules/@img/sharp-libvips-linuxmusl-x64
321 silly reify mark deleted [
321 silly reify   '/Users/talhaazeem/Documents/managementSystem/node_modules/@img/sharp-libvips-linuxmusl-x64'
321 silly reify ]
322 verbose reify failed optional dependency /Users/talhaazeem/Documents/managementSystem/node_modules/@img/sharp-libvips-linuxmusl-arm64
323 silly reify mark deleted [
323 silly reify   '/Users/talhaazeem/Documents/managementSystem/node_modules/@img/sharp-libvips-linuxmusl-arm64'
323 silly reify ]
324 verbose reify failed optional dependency /Users/talhaazeem/Documents/managementSystem/node_modules/@img/sharp-libvips-linux-x64
325 silly reify mark deleted [
325 silly reify   '/Users/talhaazeem/Documents/managementSystem/node_modules/@img/sharp-libvips-linux-x64'
325 silly reify ]
326 verbose reify failed optional dependency /Users/talhaazeem/Documents/managementSystem/node_modules/@img/sharp-libvips-linux-s390x
327 silly reify mark deleted [
327 silly reify   '/Users/talhaazeem/Documents/managementSystem/node_modules/@img/sharp-libvips-linux-s390x'
327 silly reify ]
328 verbose reify failed optional dependency /Users/talhaazeem/Documents/managementSystem/node_modules/@img/sharp-libvips-linux-riscv64
329 silly reify mark deleted [
329 silly reify   '/Users/talhaazeem/Documents/managementSystem/node_modules/@img/sharp-libvips-linux-riscv64'
329 silly reify ]
330 verbose reify failed optional dependency /Users/talhaazeem/Documents/managementSystem/node_modules/@img/sharp-libvips-linux-ppc64
331 silly reify mark deleted [
331 silly reify   '/Users/talhaazeem/Documents/managementSystem/node_modules/@img/sharp-libvips-linux-ppc64'
331 silly reify ]
332 verbose reify failed optional dependency /Users/talhaazeem/Documents/managementSystem/node_modules/@img/sharp-libvips-linux-arm64
333 silly reify mark deleted [
333 silly reify   '/Users/talhaazeem/Documents/managementSystem/node_modules/@img/sharp-libvips-linux-arm64'
333 silly reify ]
334 verbose reify failed optional dependency /Users/talhaazeem/Documents/managementSystem/node_modules/@img/sharp-libvips-linux-arm
335 silly reify mark deleted [
335 silly reify   '/Users/talhaazeem/Documents/managementSystem/node_modules/@img/sharp-libvips-linux-arm'
335 silly reify ]
336 verbose reify failed optional dependency /Users/talhaazeem/Documents/managementSystem/node_modules/@img/sharp-libvips-darwin-x64
337 silly reify mark deleted [
337 silly reify   '/Users/talhaazeem/Documents/managementSystem/node_modules/@img/sharp-libvips-darwin-x64'
337 silly reify ]
338 verbose reify failed optional dependency /Users/talhaazeem/Documents/managementSystem/node_modules/@img/sharp-darwin-x64
339 silly reify mark deleted [
339 silly reify   '/Users/talhaazeem/Documents/managementSystem/node_modules/@img/sharp-darwin-x64'
339 silly reify ]
340 http cache @prisma/fetch-engine@https://registry.npmjs.org/@prisma/fetch-engine/-/fetch-engine-6.19.2.tgz 0ms (cache hit)
341 http cache @prisma/get-platform@https://registry.npmjs.org/@prisma/get-platform/-/get-platform-6.19.2.tgz 0ms (cache hit)
342 http cache @prisma/engines@https://registry.npmjs.org/@prisma/engines/-/engines-6.19.2.tgz 0ms (cache hit)
343 http cache @tybys/wasm-util@https://registry.npmjs.org/@tybys/wasm-util/-/wasm-util-0.10.1.tgz 0ms (cache hit)
344 http cache @emnapi/wasi-threads@https://registry.npmjs.org/@emnapi/wasi-threads/-/wasi-threads-1.1.0.tgz 0ms (cache hit)
345 http cache @napi-rs/wasm-runtime@https://registry.npmjs.org/@napi-rs/wasm-runtime/-/wasm-runtime-0.2.12.tgz 0ms (cache hit)
346 http cache @emnapi/core@https://registry.npmjs.org/@emnapi/core/-/core-1.8.1.tgz 0ms (cache hit)
347 silly tarball no local data for @prisma/fetch-engine@https://registry.npmjs.org/@prisma/fetch-engine/-/fetch-engine-6.19.2.tgz. Extracting by manifest.
348 silly tarball no local data for @prisma/get-platform@https://registry.npmjs.org/@prisma/get-platform/-/get-platform-6.19.2.tgz. Extracting by manifest.
349 http cache @prisma/engines-version@https://registry.npmjs.org/@prisma/engines-version/-/engines-version-7.1.1-3.c2990dca591cba766e3b7ef5d9e8a84796e47ab7.tgz 0ms (cache hit)
350 http cache @prisma/debug@https://registry.npmjs.org/@prisma/debug/-/debug-6.19.2.tgz 0ms (cache hit)
351 http cache prisma@https://registry.npmjs.org/prisma/-/prisma-6.19.2.tgz 0ms (cache hit)
352 http cache @prisma/config@https://registry.npmjs.org/@prisma/config/-/config-6.19.2.tgz 0ms (cache hit)
353 silly tarball no local data for @prisma/engines@https://registry.npmjs.org/@prisma/engines/-/engines-6.19.2.tgz. Extracting by manifest.
354 silly tarball no local data for @prisma/engines-version@https://registry.npmjs.org/@prisma/engines-version/-/engines-version-7.1.1-3.c2990dca591cba766e3b7ef5d9e8a84796e47ab7.tgz. Extracting by manifest.
355 silly tarball no local data for @prisma/debug@https://registry.npmjs.org/@prisma/debug/-/debug-6.19.2.tgz. Extracting by manifest.
356 silly tarball no local data for prisma@https://registry.npmjs.org/prisma/-/prisma-6.19.2.tgz. Extracting by manifest.
357 silly tarball no local data for @prisma/config@https://registry.npmjs.org/@prisma/config/-/config-6.19.2.tgz. Extracting by manifest.
358 http fetch POST 200 https://registry.npmjs.org/-/npm/v1/security/advisories/bulk 504ms
359 silly audit report {}
360 http fetch GET 200 https://registry.npmjs.org/@prisma/engines-version/-/engines-version-7.1.1-3.c2990dca591cba766e3b7ef5d9e8a84796e47ab7.tgz 504ms (cache miss)
361 http fetch GET 200 https://registry.npmjs.org/@prisma/debug/-/debug-6.19.2.tgz 521ms (cache miss)
362 http fetch GET 200 https://registry.npmjs.org/@prisma/engines/-/engines-6.19.2.tgz 551ms (cache miss)
363 http fetch GET 200 https://registry.npmjs.org/@prisma/config/-/config-6.19.2.tgz 701ms (cache miss)
364 http fetch GET 200 https://registry.npmjs.org/@prisma/fetch-engine/-/fetch-engine-6.19.2.tgz 745ms (cache miss)
365 http fetch GET 200 https://registry.npmjs.org/@prisma/get-platform/-/get-platform-6.19.2.tgz 1279ms (cache miss)
366 http fetch GET 200 https://registry.npmjs.org/prisma/-/prisma-6.19.2.tgz 3670ms (cache miss)
367 info run prisma@6.19.2 preinstall node_modules/prisma node scripts/preinstall-entry.js
368 info run prisma@6.19.2 preinstall { code: 0, signal: null }
369 info run @prisma/engines@6.19.2 postinstall node_modules/@prisma/engines node scripts/postinstall.js
370 info run @prisma/engines@6.19.2 postinstall { code: 0, signal: null }
371 silly ADD node_modules/@unrs/resolver-binding-win32-x64-msvc
372 silly ADD node_modules/@unrs/resolver-binding-win32-ia32-msvc
373 silly ADD node_modules/@unrs/resolver-binding-win32-arm64-msvc
374 silly ADD node_modules/@unrs/resolver-binding-wasm32-wasi
375 silly ADD node_modules/@unrs/resolver-binding-linux-x64-musl
376 silly ADD node_modules/@unrs/resolver-binding-linux-x64-gnu
377 silly ADD node_modules/@unrs/resolver-binding-linux-s390x-gnu
378 silly ADD node_modules/@unrs/resolver-binding-linux-riscv64-musl
379 silly ADD node_modules/@unrs/resolver-binding-linux-riscv64-gnu
380 silly ADD node_modules/@unrs/resolver-binding-linux-ppc64-gnu
381 silly ADD node_modules/@unrs/resolver-binding-linux-arm64-musl
382 silly ADD node_modules/@unrs/resolver-binding-linux-arm64-gnu
383 silly ADD node_modules/@unrs/resolver-binding-linux-arm-musleabihf
384 silly ADD node_modules/@unrs/resolver-binding-linux-arm-gnueabihf
385 silly ADD node_modules/@unrs/resolver-binding-freebsd-x64
386 silly ADD node_modules/@unrs/resolver-binding-darwin-x64
387 silly ADD node_modules/@unrs/resolver-binding-android-arm64
388 silly ADD node_modules/@unrs/resolver-binding-android-arm-eabi
389 silly ADD node_modules/@tybys/wasm-util
390 silly ADD node_modules/@next/swc-win32-x64-msvc
391 silly ADD node_modules/@next/swc-win32-arm64-msvc
392 silly ADD node_modules/@next/swc-linux-x64-musl
393 silly ADD node_modules/@next/swc-linux-x64-gnu
394 silly ADD node_modules/@next/swc-linux-arm64-musl
395 silly ADD node_modules/@next/swc-linux-arm64-gnu
396 silly ADD node_modules/@next/swc-darwin-x64
397 silly ADD node_modules/@napi-rs/wasm-runtime
398 silly ADD node_modules/@img/sharp-win32-x64
399 silly ADD node_modules/@img/sharp-win32-ia32
400 silly ADD node_modules/@img/sharp-win32-arm64
401 silly ADD node_modules/@img/sharp-wasm32
402 silly ADD node_modules/@img/sharp-linuxmusl-x64
403 silly ADD node_modules/@img/sharp-linuxmusl-arm64
404 silly ADD node_modules/@img/sharp-linux-x64
405 silly ADD node_modules/@img/sharp-linux-s390x
406 silly ADD node_modules/@img/sharp-linux-riscv64
407 silly ADD node_modules/@img/sharp-linux-ppc64
408 silly ADD node_modules/@img/sharp-linux-arm64
409 silly ADD node_modules/@img/sharp-linux-arm
410 silly ADD node_modules/@img/sharp-libvips-linuxmusl-x64
411 silly ADD node_modules/@img/sharp-libvips-linuxmusl-arm64
412 silly ADD node_modules/@img/sharp-libvips-linux-x64
413 silly ADD node_modules/@img/sharp-libvips-linux-s390x
414 silly ADD node_modules/@img/sharp-libvips-linux-riscv64
415 silly ADD node_modules/@img/sharp-libvips-linux-ppc64
416 silly ADD node_modules/@img/sharp-libvips-linux-arm64
417 silly ADD node_modules/@img/sharp-libvips-linux-arm
418 silly ADD node_modules/@img/sharp-libvips-darwin-x64
419 silly ADD node_modules/@img/sharp-darwin-x64
420 silly ADD node_modules/@emnapi/wasi-threads
421 silly ADD node_modules/@emnapi/core
422 silly REMOVE node_modules/@prisma/studio-core
423 silly REMOVE node_modules/@prisma/query-plan-executor
424 silly CHANGE node_modules/@prisma/fetch-engine
425 silly REMOVE node_modules/@prisma/fetch-engine/node_modules/@prisma/get-platform
426 silly REMOVE node_modules/@prisma/dev
427 silly CHANGE node_modules/@prisma/get-platform
428 silly REMOVE node_modules/@prisma/get-platform/node_modules/@prisma/debug
429 silly CHANGE node_modules/@prisma/engines-version
430 silly CHANGE node_modules/@prisma/engines
431 silly REMOVE node_modules/@prisma/engines/node_modules/@prisma/get-platform
432 silly CHANGE node_modules/@prisma/debug
433 silly CHANGE node_modules/@prisma/config
434 silly REMOVE node_modules/@mrleebo/prisma-ast
435 silly REMOVE node_modules/@hono/node-server
436 silly REMOVE node_modules/@chevrotain/utils
437 silly REMOVE node_modules/@electric-sql/pglite-tools
438 silly REMOVE node_modules/@electric-sql/pglite
439 silly REMOVE node_modules/@electric-sql/pglite-socket
440 silly REMOVE node_modules/@chevrotain/gast
441 silly REMOVE node_modules/@chevrotain/cst-dts-gen
442 silly REMOVE node_modules/@chevrotain/types
443 silly REMOVE node_modules/zeptomatch
444 silly REMOVE node_modules/valibot
445 silly REMOVE node_modules/type-fest
446 silly REMOVE node_modules/std-env
447 silly REMOVE node_modules/signal-exit
448 silly REMOVE node_modules/sqlstring
449 silly REMOVE node_modules/seq-queue
450 silly REMOVE node_modules/safer-buffer
451 silly REMOVE node_modules/retry
452 silly REMOVE node_modules/remeda
453 silly REMOVE node_modules/regexp-to-ast
454 silly REMOVE node_modules/proper-lockfile
455 silly REMOVE node_modules/proper-lockfile/node_modules/signal-exit
456 silly CHANGE node_modules/prisma
457 silly REMOVE node_modules/postgres
458 silly REMOVE node_modules/named-placeholders
459 silly REMOVE node_modules/mysql2
460 silly REMOVE node_modules/lodash
461 silly REMOVE node_modules/lru.min
462 silly REMOVE node_modules/long
463 silly REMOVE node_modules/lilconfig
464 silly REMOVE node_modules/is-property
465 silly REMOVE node_modules/iconv-lite
466 silly REMOVE node_modules/http-status-codes
467 silly REMOVE node_modules/hono
468 silly REMOVE node_modules/grammex
469 silly REMOVE node_modules/graceful-fs
470 silly REMOVE node_modules/get-port-please
471 silly REMOVE node_modules/generate-function
472 silly REMOVE node_modules/foreground-child
473 silly REMOVE node_modules/denque
474 silly REMOVE node_modules/chevrotain
475 silly REMOVE node_modules/aws-ssl-profiles
476 verbose cwd /Users/talhaazeem/Documents/managementSystem
477 verbose os Darwin 24.5.0
478 verbose node v22.15.1
479 verbose npm  v11.4.2
480 verbose exit 0
481 info ok
